2024-05-24T11:22:45.104+05:00  INFO 5435 --- [testapp2] [main] o.example.testapp2.Testapp2Application   : Starting Testapp2Application using Java 17.0.11 with PID 5435 (/home/corazon/IdeaProjects/testapp2/target/classes started by corazon in /home/corazon/IdeaProjects/testapp2)
2024-05-24T11:22:45.114+05:00  INFO 5435 --- [testapp2] [main] o.example.testapp2.Testapp2Application   : No active profile set, falling back to 1 default profile: "default"
2024-05-24T11:22:46.011+05:00  INFO 5435 --- [testapp2] [main] .s.d.r.c.RepositoryConfigurationDelegate : Bootstrapping Spring Data JPA repositories in DEFAULT mode.
2024-05-24T11:22:46.095+05:00  INFO 5435 --- [testapp2] [main] .s.d.r.c.RepositoryConfigurationDelegate : Finished Spring Data repository scanning in 65 ms. Found 1 JPA repository interface.
2024-05-24T11:22:46.729+05:00  INFO 5435 --- [testapp2] [main] o.s.b.w.embedded.tomcat.TomcatWebServer  : Tomcat initialized with port 8080 (http)
2024-05-24T11:22:46.743+05:00  INFO 5435 --- [testapp2] [main] o.apache.catalina.core.StandardService   : Starting service [Tomcat]
2024-05-24T11:22:46.743+05:00  INFO 5435 --- [testapp2] [main] o.apache.catalina.core.StandardEngine    : Starting Servlet engine: [Apache Tomcat/10.1.20]
2024-05-24T11:22:46.798+05:00  INFO 5435 --- [testapp2] [main] o.a.c.c.C.[Tomcat].[localhost].[/]       : Initializing Spring embedded WebApplicationContext
2024-05-24T11:22:46.798+05:00  INFO 5435 --- [testapp2] [main] w.s.c.ServletWebServerApplicationContext : Root WebApplicationContext: initialization completed in 1591 ms
2024-05-24T11:22:46.942+05:00  INFO 5435 --- [testapp2] [main] com.zaxxer.hikari.HikariDataSource       : HikariPool-1 - Starting...
2024-05-24T11:22:47.462+05:00  INFO 5435 --- [testapp2] [main] com.zaxxer.hikari.pool.HikariPool        : HikariPool-1 - Added connection org.postgresql.jdbc.PgConnection@4792f119
2024-05-24T11:22:47.465+05:00  INFO 5435 --- [testapp2] [main] com.zaxxer.hikari.HikariDataSource       : HikariPool-1 - Start completed.
2024-05-24T11:22:47.524+05:00  INFO 5435 --- [testapp2] [main] o.hibernate.jpa.internal.util.LogHelper  : HHH000204: Processing PersistenceUnitInfo [name: default]
2024-05-24T11:22:47.654+05:00  INFO 5435 --- [testapp2] [main] org.hibernate.Version                    : HHH000412: Hibernate ORM core version 6.4.4.Final
2024-05-24T11:22:47.738+05:00  INFO 5435 --- [testapp2] [main] o.h.c.internal.RegionFactoryInitiator    : HHH000026: Second-level cache disabled
2024-05-24T11:22:48.159+05:00  INFO 5435 --- [testapp2] [main] o.s.o.j.p.SpringPersistenceUnitInfo      : No LoadTimeWeaver setup: ignoring JPA class transformer
2024-05-24T11:22:48.261+05:00  WARN 5435 --- [testapp2] [main] org.hibernate.orm.deprecation            : HHH90000025: PostgreSQLDialect does not need to be specified explicitly using 'hibernate.dialect' (remove the property setting and it will be selected by default)
2024-05-24T11:22:49.285+05:00  INFO 5435 --- [testapp2] [main] o.h.e.t.j.p.i.JtaPlatformInitiator       : HHH000489: No JTA platform available (set 'hibernate.transaction.jta.platform' to enable JTA platform integration)
2024-05-24T11:22:49.290+05:00  INFO 5435 --- [testapp2] [main] j.LocalContainerEntityManagerFactoryBean : Initialized JPA EntityManagerFactory for persistence unit 'default'
2024-05-24T11:22:49.725+05:00  WARN 5435 --- [testapp2] [main] JpaBaseConfiguration$JpaWebConfiguration : spring.jpa.open-in-view is enabled by default. Therefore, database queries may be performed during view rendering. Explicitly configure spring.jpa.open-in-view to disable this warning
2024-05-24T11:22:50.241+05:00  INFO 5435 --- [testapp2] [main] o.s.b.w.embedded.tomcat.TomcatWebServer  : Tomcat started on port 8080 (http) with context path ''
2024-05-24T11:22:50.261+05:00  INFO 5435 --- [testapp2] [main] o.example.testapp2.Testapp2Application   : Started Testapp2Application in 6.045 seconds (process running for 7.208)
2024-05-24T11:23:20.574+05:00  INFO 5435 --- [testapp2] [http-nio-8080-exec-1] o.a.c.c.C.[Tomcat].[localhost].[/]       : Initializing Spring DispatcherServlet 'dispatcherServlet'
2024-05-24T11:23:20.575+05:00  INFO 5435 --- [testapp2] [http-nio-8080-exec-1] o.s.web.servlet.DispatcherServlet        : Initializing Servlet 'dispatcherServlet'
2024-05-24T11:23:20.577+05:00  INFO 5435 --- [testapp2] [http-nio-8080-exec-1] o.s.web.servlet.DispatcherServlet        : Completed initialization in 2 ms
2024-05-24T11:37:56.578+05:00  INFO 5435 --- [testapp2] [SpringApplicationShutdownHook] j.LocalContainerEntityManagerFactoryBean : Closing JPA EntityManagerFactory for persistence unit 'default'
2024-05-24T11:37:56.582+05:00  INFO 5435 --- [testapp2] [SpringApplicationShutdownHook] com.zaxxer.hikari.HikariDataSource       : HikariPool-1 - Shutdown initiated...
2024-05-24T11:37:56.593+05:00  INFO 5435 --- [testapp2] [SpringApplicationShutdownHook] com.zaxxer.hikari.HikariDataSource       : HikariPool-1 - Shutdown completed.
2024-05-24T11:38:01.461+05:00  INFO 9308 --- [testapp2] [main] o.example.testapp2.Testapp2Application   : Starting Testapp2Application using Java 17.0.11 with PID 9308 (/home/corazon/IdeaProjects/testapp2/target/classes started by corazon in /home/corazon/IdeaProjects/testapp2)
2024-05-24T11:38:01.465+05:00  INFO 9308 --- [testapp2] [main] o.example.testapp2.Testapp2Application   : No active profile set, falling back to 1 default profile: "default"
2024-05-24T11:38:02.179+05:00  INFO 9308 --- [testapp2] [main] .s.d.r.c.RepositoryConfigurationDelegate : Bootstrapping Spring Data JPA repositories in DEFAULT mode.
2024-05-24T11:38:02.229+05:00  INFO 9308 --- [testapp2] [main] .s.d.r.c.RepositoryConfigurationDelegate : Finished Spring Data repository scanning in 41 ms. Found 1 JPA repository interface.
2024-05-24T11:38:02.689+05:00  INFO 9308 --- [testapp2] [main] o.s.b.w.embedded.tomcat.TomcatWebServer  : Tomcat initialized with port 8080 (http)
2024-05-24T11:38:02.702+05:00  INFO 9308 --- [testapp2] [main] o.apache.catalina.core.StandardService   : Starting service [Tomcat]
2024-05-24T11:38:02.702+05:00  INFO 9308 --- [testapp2] [main] o.apache.catalina.core.StandardEngine    : Starting Servlet engine: [Apache Tomcat/10.1.20]
2024-05-24T11:38:02.765+05:00  INFO 9308 --- [testapp2] [main] o.a.c.c.C.[Tomcat].[localhost].[/]       : Initializing Spring embedded WebApplicationContext
2024-05-24T11:38:02.765+05:00  INFO 9308 --- [testapp2] [main] w.s.c.ServletWebServerApplicationContext : Root WebApplicationContext: initialization completed in 1228 ms
2024-05-24T11:38:02.985+05:00  INFO 9308 --- [testapp2] [main] com.zaxxer.hikari.HikariDataSource       : HikariPool-1 - Starting...
2024-05-24T11:38:03.334+05:00  INFO 9308 --- [testapp2] [main] com.zaxxer.hikari.pool.HikariPool        : HikariPool-1 - Added connection org.postgresql.jdbc.PgConnection@4b425577
2024-05-24T11:38:03.336+05:00  INFO 9308 --- [testapp2] [main] com.zaxxer.hikari.HikariDataSource       : HikariPool-1 - Start completed.
2024-05-24T11:38:03.384+05:00  INFO 9308 --- [testapp2] [main] o.hibernate.jpa.internal.util.LogHelper  : HHH000204: Processing PersistenceUnitInfo [name: default]
2024-05-24T11:38:03.464+05:00  INFO 9308 --- [testapp2] [main] org.hibernate.Version                    : HHH000412: Hibernate ORM core version 6.4.4.Final
2024-05-24T11:38:03.506+05:00  INFO 9308 --- [testapp2] [main] o.h.c.internal.RegionFactoryInitiator    : HHH000026: Second-level cache disabled
2024-05-24T11:38:03.842+05:00  INFO 9308 --- [testapp2] [main] o.s.o.j.p.SpringPersistenceUnitInfo      : No LoadTimeWeaver setup: ignoring JPA class transformer
2024-05-24T11:38:03.894+05:00  WARN 9308 --- [testapp2] [main] org.hibernate.orm.deprecation            : HHH90000025: PostgreSQLDialect does not need to be specified explicitly using 'hibernate.dialect' (remove the property setting and it will be selected by default)
2024-05-24T11:38:04.600+05:00  INFO 9308 --- [testapp2] [main] o.h.e.t.j.p.i.JtaPlatformInitiator       : HHH000489: No JTA platform available (set 'hibernate.transaction.jta.platform' to enable JTA platform integration)
2024-05-24T11:38:04.603+05:00  INFO 9308 --- [testapp2] [main] j.LocalContainerEntityManagerFactoryBean : Initialized JPA EntityManagerFactory for persistence unit 'default'
2024-05-24T11:38:04.835+05:00  WARN 9308 --- [testapp2] [main] JpaBaseConfiguration$JpaWebConfiguration : spring.jpa.open-in-view is enabled by default. Therefore, database queries may be performed during view rendering. Explicitly configure spring.jpa.open-in-view to disable this warning
2024-05-24T11:38:05.213+05:00  INFO 9308 --- [testapp2] [main] o.s.b.w.embedded.tomcat.TomcatWebServer  : Tomcat started on port 8080 (http) with context path ''
2024-05-24T11:38:05.223+05:00  INFO 9308 --- [testapp2] [main] o.example.testapp2.Testapp2Application   : Started Testapp2Application in 4.368 seconds (process running for 5.132)
2024-05-24T11:38:11.265+05:00  INFO 9308 --- [testapp2] [http-nio-8080-exec-1] o.a.c.c.C.[Tomcat].[localhost].[/]       : Initializing Spring DispatcherServlet 'dispatcherServlet'
2024-05-24T11:38:11.265+05:00  INFO 9308 --- [testapp2] [http-nio-8080-exec-1] o.s.web.servlet.DispatcherServlet        : Initializing Servlet 'dispatcherServlet'
2024-05-24T11:38:11.267+05:00  INFO 9308 --- [testapp2] [http-nio-8080-exec-1] o.s.web.servlet.DispatcherServlet        : Completed initialization in 2 ms
2024-05-24T11:41:42.598+05:00  INFO 9308 --- [testapp2] [SpringApplicationShutdownHook] j.LocalContainerEntityManagerFactoryBean : Closing JPA EntityManagerFactory for persistence unit 'default'
2024-05-24T11:41:42.605+05:00  INFO 9308 --- [testapp2] [SpringApplicationShutdownHook] com.zaxxer.hikari.HikariDataSource       : HikariPool-1 - Shutdown initiated...
2024-05-24T11:41:42.618+05:00  INFO 9308 --- [testapp2] [SpringApplicationShutdownHook] com.zaxxer.hikari.HikariDataSource       : HikariPool-1 - Shutdown completed.
2024-05-24T11:41:47.470+05:00  INFO 9571 --- [testapp2] [main] o.example.testapp2.Testapp2Application   : Starting Testapp2Application using Java 17.0.11 with PID 9571 (/home/corazon/IdeaProjects/testapp2/target/classes started by corazon in /home/corazon/IdeaProjects/testapp2)
2024-05-24T11:41:47.474+05:00  INFO 9571 --- [testapp2] [main] o.example.testapp2.Testapp2Application   : No active profile set, falling back to 1 default profile: "default"
2024-05-24T11:41:48.171+05:00  INFO 9571 --- [testapp2] [main] .s.d.r.c.RepositoryConfigurationDelegate : Bootstrapping Spring Data JPA repositories in DEFAULT mode.
2024-05-24T11:41:48.221+05:00  INFO 9571 --- [testapp2] [main] .s.d.r.c.RepositoryConfigurationDelegate : Finished Spring Data repository scanning in 41 ms. Found 1 JPA repository interface.
2024-05-24T11:41:48.712+05:00  INFO 9571 --- [testapp2] [main] o.s.b.w.embedded.tomcat.TomcatWebServer  : Tomcat initialized with port 8080 (http)
2024-05-24T11:41:48.724+05:00  INFO 9571 --- [testapp2] [main] o.apache.catalina.core.StandardService   : Starting service [Tomcat]
2024-05-24T11:41:48.724+05:00  INFO 9571 --- [testapp2] [main] o.apache.catalina.core.StandardEngine    : Starting Servlet engine: [Apache Tomcat/10.1.20]
2024-05-24T11:41:48.775+05:00  INFO 9571 --- [testapp2] [main] o.a.c.c.C.[Tomcat].[localhost].[/]       : Initializing Spring embedded WebApplicationContext
2024-05-24T11:41:48.775+05:00  INFO 9571 --- [testapp2] [main] w.s.c.ServletWebServerApplicationContext : Root WebApplicationContext: initialization completed in 1232 ms
2024-05-24T11:41:48.905+05:00  INFO 9571 --- [testapp2] [main] com.zaxxer.hikari.HikariDataSource       : HikariPool-1 - Starting...
2024-05-24T11:41:49.212+05:00  INFO 9571 --- [testapp2] [main] com.zaxxer.hikari.pool.HikariPool        : HikariPool-1 - Added connection org.postgresql.jdbc.PgConnection@43471a7e
2024-05-24T11:41:49.214+05:00  INFO 9571 --- [testapp2] [main] com.zaxxer.hikari.HikariDataSource       : HikariPool-1 - Start completed.
2024-05-24T11:41:49.263+05:00  INFO 9571 --- [testapp2] [main] o.hibernate.jpa.internal.util.LogHelper  : HHH000204: Processing PersistenceUnitInfo [name: default]
2024-05-24T11:41:49.321+05:00  INFO 9571 --- [testapp2] [main] org.hibernate.Version                    : HHH000412: Hibernate ORM core version 6.4.4.Final
2024-05-24T11:41:49.356+05:00  INFO 9571 --- [testapp2] [main] o.h.c.internal.RegionFactoryInitiator    : HHH000026: Second-level cache disabled
2024-05-24T11:41:49.605+05:00  INFO 9571 --- [testapp2] [main] o.s.o.j.p.SpringPersistenceUnitInfo      : No LoadTimeWeaver setup: ignoring JPA class transformer
2024-05-24T11:41:49.656+05:00  WARN 9571 --- [testapp2] [main] org.hibernate.orm.deprecation            : HHH90000025: PostgreSQLDialect does not need to be specified explicitly using 'hibernate.dialect' (remove the property setting and it will be selected by default)
2024-05-24T11:41:50.373+05:00  INFO 9571 --- [testapp2] [main] o.h.e.t.j.p.i.JtaPlatformInitiator       : HHH000489: No JTA platform available (set 'hibernate.transaction.jta.platform' to enable JTA platform integration)
2024-05-24T11:41:50.377+05:00  INFO 9571 --- [testapp2] [main] j.LocalContainerEntityManagerFactoryBean : Initialized JPA EntityManagerFactory for persistence unit 'default'
2024-05-24T11:41:50.612+05:00  WARN 9571 --- [testapp2] [main] JpaBaseConfiguration$JpaWebConfiguration : spring.jpa.open-in-view is enabled by default. Therefore, database queries may be performed during view rendering. Explicitly configure spring.jpa.open-in-view to disable this warning
2024-05-24T11:41:51.033+05:00  INFO 9571 --- [testapp2] [main] o.s.b.w.embedded.tomcat.TomcatWebServer  : Tomcat started on port 8080 (http) with context path ''
2024-05-24T11:41:51.052+05:00  INFO 9571 --- [testapp2] [main] o.example.testapp2.Testapp2Application   : Started Testapp2Application in 4.163 seconds (process running for 4.892)
2024-05-24T11:42:02.460+05:00  INFO 9571 --- [testapp2] [http-nio-8080-exec-1] o.a.c.c.C.[Tomcat].[localhost].[/]       : Initializing Spring DispatcherServlet 'dispatcherServlet'
2024-05-24T11:42:02.461+05:00  INFO 9571 --- [testapp2] [http-nio-8080-exec-1] o.s.web.servlet.DispatcherServlet        : Initializing Servlet 'dispatcherServlet'
2024-05-24T11:42:02.463+05:00  INFO 9571 --- [testapp2] [http-nio-8080-exec-1] o.s.web.servlet.DispatcherServlet        : Completed initialization in 2 ms
2024-05-24T11:42:35.058+05:00  INFO 9571 --- [testapp2] [SpringApplicationShutdownHook] j.LocalContainerEntityManagerFactoryBean : Closing JPA EntityManagerFactory for persistence unit 'default'
2024-05-24T11:42:35.061+05:00  INFO 9571 --- [testapp2] [SpringApplicationShutdownHook] com.zaxxer.hikari.HikariDataSource       : HikariPool-1 - Shutdown initiated...
2024-05-24T11:42:35.072+05:00  INFO 9571 --- [testapp2] [SpringApplicationShutdownHook] com.zaxxer.hikari.HikariDataSource       : HikariPool-1 - Shutdown completed.
2024-05-24T11:42:39.952+05:00  INFO 9746 --- [testapp2] [main] o.example.testapp2.Testapp2Application   : Starting Testapp2Application using Java 17.0.11 with PID 9746 (/home/corazon/IdeaProjects/testapp2/target/classes started by corazon in /home/corazon/IdeaProjects/testapp2)
2024-05-24T11:42:39.957+05:00  INFO 9746 --- [testapp2] [main] o.example.testapp2.Testapp2Application   : No active profile set, falling back to 1 default profile: "default"
2024-05-24T11:42:40.615+05:00  INFO 9746 --- [testapp2] [main] .s.d.r.c.RepositoryConfigurationDelegate : Bootstrapping Spring Data JPA repositories in DEFAULT mode.
2024-05-24T11:42:40.663+05:00  INFO 9746 --- [testapp2] [main] .s.d.r.c.RepositoryConfigurationDelegate : Finished Spring Data repository scanning in 40 ms. Found 1 JPA repository interface.
2024-05-24T11:42:41.138+05:00  INFO 9746 --- [testapp2] [main] o.s.b.w.embedded.tomcat.TomcatWebServer  : Tomcat initialized with port 8080 (http)
2024-05-24T11:42:41.152+05:00  INFO 9746 --- [testapp2] [main] o.apache.catalina.core.StandardService   : Starting service [Tomcat]
2024-05-24T11:42:41.153+05:00  INFO 9746 --- [testapp2] [main] o.apache.catalina.core.StandardEngine    : Starting Servlet engine: [Apache Tomcat/10.1.20]
2024-05-24T11:42:41.208+05:00  INFO 9746 --- [testapp2] [main] o.a.c.c.C.[Tomcat].[localhost].[/]       : Initializing Spring embedded WebApplicationContext
2024-05-24T11:42:41.208+05:00  INFO 9746 --- [testapp2] [main] w.s.c.ServletWebServerApplicationContext : Root WebApplicationContext: initialization completed in 1190 ms
2024-05-24T11:42:41.372+05:00  INFO 9746 --- [testapp2] [main] com.zaxxer.hikari.HikariDataSource       : HikariPool-1 - Starting...
2024-05-24T11:42:41.629+05:00  INFO 9746 --- [testapp2] [main] com.zaxxer.hikari.pool.HikariPool        : HikariPool-1 - Added connection org.postgresql.jdbc.PgConnection@1a1ccaaf
2024-05-24T11:42:41.630+05:00  INFO 9746 --- [testapp2] [main] com.zaxxer.hikari.HikariDataSource       : HikariPool-1 - Start completed.
2024-05-24T11:42:41.667+05:00  INFO 9746 --- [testapp2] [main] o.hibernate.jpa.internal.util.LogHelper  : HHH000204: Processing PersistenceUnitInfo [name: default]
2024-05-24T11:42:41.721+05:00  INFO 9746 --- [testapp2] [main] org.hibernate.Version                    : HHH000412: Hibernate ORM core version 6.4.4.Final
2024-05-24T11:42:41.768+05:00  INFO 9746 --- [testapp2] [main] o.h.c.internal.RegionFactoryInitiator    : HHH000026: Second-level cache disabled
2024-05-24T11:42:41.998+05:00  INFO 9746 --- [testapp2] [main] o.s.o.j.p.SpringPersistenceUnitInfo      : No LoadTimeWeaver setup: ignoring JPA class transformer
2024-05-24T11:42:42.045+05:00  WARN 9746 --- [testapp2] [main] org.hibernate.orm.deprecation            : HHH90000025: PostgreSQLDialect does not need to be specified explicitly using 'hibernate.dialect' (remove the property setting and it will be selected by default)
2024-05-24T11:42:42.763+05:00  INFO 9746 --- [testapp2] [main] o.h.e.t.j.p.i.JtaPlatformInitiator       : HHH000489: No JTA platform available (set 'hibernate.transaction.jta.platform' to enable JTA platform integration)
2024-05-24T11:42:42.766+05:00  INFO 9746 --- [testapp2] [main] j.LocalContainerEntityManagerFactoryBean : Initialized JPA EntityManagerFactory for persistence unit 'default'
2024-05-24T11:42:43.024+05:00  WARN 9746 --- [testapp2] [main] JpaBaseConfiguration$JpaWebConfiguration : spring.jpa.open-in-view is enabled by default. Therefore, database queries may be performed during view rendering. Explicitly configure spring.jpa.open-in-view to disable this warning
2024-05-24T11:42:43.403+05:00  INFO 9746 --- [testapp2] [main] o.s.b.w.embedded.tomcat.TomcatWebServer  : Tomcat started on port 8080 (http) with context path ''
2024-05-24T11:42:43.414+05:00  INFO 9746 --- [testapp2] [main] o.example.testapp2.Testapp2Application   : Started Testapp2Application in 4.099 seconds (process running for 4.833)
2024-05-24T11:43:25.568+05:00  INFO 9746 --- [testapp2] [http-nio-8080-exec-2] o.a.c.c.C.[Tomcat].[localhost].[/]       : Initializing Spring DispatcherServlet 'dispatcherServlet'
2024-05-24T11:43:25.568+05:00  INFO 9746 --- [testapp2] [http-nio-8080-exec-2] o.s.web.servlet.DispatcherServlet        : Initializing Servlet 'dispatcherServlet'
2024-05-24T11:43:25.576+05:00  INFO 9746 --- [testapp2] [http-nio-8080-exec-2] o.s.web.servlet.DispatcherServlet        : Completed initialization in 8 ms
2024-05-24T11:45:22.658+05:00  INFO 9746 --- [testapp2] [SpringApplicationShutdownHook] j.LocalContainerEntityManagerFactoryBean : Closing JPA EntityManagerFactory for persistence unit 'default'
2024-05-24T11:45:22.662+05:00  INFO 9746 --- [testapp2] [SpringApplicationShutdownHook] com.zaxxer.hikari.HikariDataSource       : HikariPool-1 - Shutdown initiated...
2024-05-24T11:45:22.675+05:00  INFO 9746 --- [testapp2] [SpringApplicationShutdownHook] com.zaxxer.hikari.HikariDataSource       : HikariPool-1 - Shutdown completed.
2024-05-24T11:45:26.926+05:00  INFO 10081 --- [testapp2] [main] o.example.testapp2.Testapp2Application   : Starting Testapp2Application using Java 17.0.11 with PID 10081 (/home/corazon/IdeaProjects/testapp2/target/classes started by corazon in /home/corazon/IdeaProjects/testapp2)
2024-05-24T11:45:26.929+05:00  INFO 10081 --- [testapp2] [main] o.example.testapp2.Testapp2Application   : No active profile set, falling back to 1 default profile: "default"
2024-05-24T11:45:27.593+05:00  INFO 10081 --- [testapp2] [main] .s.d.r.c.RepositoryConfigurationDelegate : Bootstrapping Spring Data JPA repositories in DEFAULT mode.
2024-05-24T11:45:27.642+05:00  INFO 10081 --- [testapp2] [main] .s.d.r.c.RepositoryConfigurationDelegate : Finished Spring Data repository scanning in 42 ms. Found 1 JPA repository interface.
2024-05-24T11:45:28.064+05:00  INFO 10081 --- [testapp2] [main] o.s.b.w.embedded.tomcat.TomcatWebServer  : Tomcat initialized with port 8080 (http)
2024-05-24T11:45:28.074+05:00  INFO 10081 --- [testapp2] [main] o.apache.catalina.core.StandardService   : Starting service [Tomcat]
2024-05-24T11:45:28.074+05:00  INFO 10081 --- [testapp2] [main] o.apache.catalina.core.StandardEngine    : Starting Servlet engine: [Apache Tomcat/10.1.20]
2024-05-24T11:45:28.126+05:00  INFO 10081 --- [testapp2] [main] o.a.c.c.C.[Tomcat].[localhost].[/]       : Initializing Spring embedded WebApplicationContext
2024-05-24T11:45:28.127+05:00  INFO 10081 --- [testapp2] [main] w.s.c.ServletWebServerApplicationContext : Root WebApplicationContext: initialization completed in 1141 ms
2024-05-24T11:45:28.250+05:00  INFO 10081 --- [testapp2] [main] com.zaxxer.hikari.HikariDataSource       : HikariPool-1 - Starting...
2024-05-24T11:45:28.524+05:00  INFO 10081 --- [testapp2] [main] com.zaxxer.hikari.pool.HikariPool        : HikariPool-1 - Added connection org.postgresql.jdbc.PgConnection@3a38f122
2024-05-24T11:45:28.526+05:00  INFO 10081 --- [testapp2] [main] com.zaxxer.hikari.HikariDataSource       : HikariPool-1 - Start completed.
2024-05-24T11:45:28.562+05:00  INFO 10081 --- [testapp2] [main] o.hibernate.jpa.internal.util.LogHelper  : HHH000204: Processing PersistenceUnitInfo [name: default]
2024-05-24T11:45:28.612+05:00  INFO 10081 --- [testapp2] [main] org.hibernate.Version                    : HHH000412: Hibernate ORM core version 6.4.4.Final
2024-05-24T11:45:28.648+05:00  INFO 10081 --- [testapp2] [main] o.h.c.internal.RegionFactoryInitiator    : HHH000026: Second-level cache disabled
2024-05-24T11:45:28.898+05:00  INFO 10081 --- [testapp2] [main] o.s.o.j.p.SpringPersistenceUnitInfo      : No LoadTimeWeaver setup: ignoring JPA class transformer
2024-05-24T11:45:28.947+05:00  WARN 10081 --- [testapp2] [main] org.hibernate.orm.deprecation            : HHH90000025: PostgreSQLDialect does not need to be specified explicitly using 'hibernate.dialect' (remove the property setting and it will be selected by default)
2024-05-24T11:45:29.692+05:00  INFO 10081 --- [testapp2] [main] o.h.e.t.j.p.i.JtaPlatformInitiator       : HHH000489: No JTA platform available (set 'hibernate.transaction.jta.platform' to enable JTA platform integration)
2024-05-24T11:45:29.695+05:00  INFO 10081 --- [testapp2] [main] j.LocalContainerEntityManagerFactoryBean : Initialized JPA EntityManagerFactory for persistence unit 'default'
2024-05-24T11:45:29.913+05:00  WARN 10081 --- [testapp2] [main] JpaBaseConfiguration$JpaWebConfiguration : spring.jpa.open-in-view is enabled by default. Therefore, database queries may be performed during view rendering. Explicitly configure spring.jpa.open-in-view to disable this warning
2024-05-24T11:45:30.238+05:00  INFO 10081 --- [testapp2] [main] o.s.b.w.embedded.tomcat.TomcatWebServer  : Tomcat started on port 8080 (http) with context path ''
2024-05-24T11:45:30.248+05:00  INFO 10081 --- [testapp2] [main] o.example.testapp2.Testapp2Application   : Started Testapp2Application in 3.836 seconds (process running for 4.446)
2024-05-24T11:46:11.099+05:00  INFO 10081 --- [testapp2] [http-nio-8080-exec-2] o.a.c.c.C.[Tomcat].[localhost].[/]       : Initializing Spring DispatcherServlet 'dispatcherServlet'
2024-05-24T11:46:11.100+05:00  INFO 10081 --- [testapp2] [http-nio-8080-exec-2] o.s.web.servlet.DispatcherServlet        : Initializing Servlet 'dispatcherServlet'
2024-05-24T11:46:11.102+05:00  INFO 10081 --- [testapp2] [http-nio-8080-exec-2] o.s.web.servlet.DispatcherServlet        : Completed initialization in 2 ms
2024-05-24T11:51:00.113+05:00  INFO 10081 --- [testapp2] [SpringApplicationShutdownHook] j.LocalContainerEntityManagerFactoryBean : Closing JPA EntityManagerFactory for persistence unit 'default'
2024-05-24T11:51:00.115+05:00  INFO 10081 --- [testapp2] [SpringApplicationShutdownHook] com.zaxxer.hikari.HikariDataSource       : HikariPool-1 - Shutdown initiated...
2024-05-24T11:51:00.125+05:00  INFO 10081 --- [testapp2] [SpringApplicationShutdownHook] com.zaxxer.hikari.HikariDataSource       : HikariPool-1 - Shutdown completed.
2024-05-24T12:49:21.689+05:00  INFO 11769 --- [testapp2] [main] o.example.testapp2.Testapp2Application   : Starting Testapp2Application using Java 17.0.11 with PID 11769 (/home/corazon/IdeaProjects/testapp2/target/classes started by corazon in /home/corazon/IdeaProjects/testapp2)
2024-05-24T12:49:21.692+05:00  INFO 11769 --- [testapp2] [main] o.example.testapp2.Testapp2Application   : No active profile set, falling back to 1 default profile: "default"
2024-05-24T12:49:22.424+05:00  INFO 11769 --- [testapp2] [main] .s.d.r.c.RepositoryConfigurationDelegate : Bootstrapping Spring Data JPA repositories in DEFAULT mode.
2024-05-24T12:49:22.502+05:00  INFO 11769 --- [testapp2] [main] .s.d.r.c.RepositoryConfigurationDelegate : Finished Spring Data repository scanning in 58 ms. Found 1 JPA repository interface.
2024-05-24T12:49:22.931+05:00  INFO 11769 --- [testapp2] [main] o.s.b.w.embedded.tomcat.TomcatWebServer  : Tomcat initialized with port 8080 (http)
2024-05-24T12:49:22.941+05:00  INFO 11769 --- [testapp2] [main] o.apache.catalina.core.StandardService   : Starting service [Tomcat]
2024-05-24T12:49:22.941+05:00  INFO 11769 --- [testapp2] [main] o.apache.catalina.core.StandardEngine    : Starting Servlet engine: [Apache Tomcat/10.1.20]
2024-05-24T12:49:22.979+05:00  INFO 11769 --- [testapp2] [main] o.a.c.c.C.[Tomcat].[localhost].[/]       : Initializing Spring embedded WebApplicationContext
2024-05-24T12:49:22.979+05:00  INFO 11769 --- [testapp2] [main] w.s.c.ServletWebServerApplicationContext : Root WebApplicationContext: initialization completed in 1245 ms
2024-05-24T12:49:23.077+05:00  INFO 11769 --- [testapp2] [main] com.zaxxer.hikari.HikariDataSource       : HikariPool-1 - Starting...
2024-05-24T12:49:23.296+05:00  INFO 11769 --- [testapp2] [main] com.zaxxer.hikari.pool.HikariPool        : HikariPool-1 - Added connection org.postgresql.jdbc.PgConnection@51d0ec6f
2024-05-24T12:49:23.298+05:00  INFO 11769 --- [testapp2] [main] com.zaxxer.hikari.HikariDataSource       : HikariPool-1 - Start completed.
2024-05-24T12:49:23.332+05:00  INFO 11769 --- [testapp2] [main] o.hibernate.jpa.internal.util.LogHelper  : HHH000204: Processing PersistenceUnitInfo [name: default]
2024-05-24T12:49:23.374+05:00  INFO 11769 --- [testapp2] [main] org.hibernate.Version                    : HHH000412: Hibernate ORM core version 6.4.4.Final
2024-05-24T12:49:23.402+05:00  INFO 11769 --- [testapp2] [main] o.h.c.internal.RegionFactoryInitiator    : HHH000026: Second-level cache disabled
2024-05-24T12:49:23.618+05:00  INFO 11769 --- [testapp2] [main] o.s.o.j.p.SpringPersistenceUnitInfo      : No LoadTimeWeaver setup: ignoring JPA class transformer
2024-05-24T12:49:23.655+05:00  WARN 11769 --- [testapp2] [main] org.hibernate.orm.deprecation            : HHH90000025: PostgreSQLDialect does not need to be specified explicitly using 'hibernate.dialect' (remove the property setting and it will be selected by default)
2024-05-24T12:49:24.232+05:00  INFO 11769 --- [testapp2] [main] o.h.e.t.j.p.i.JtaPlatformInitiator       : HHH000489: No JTA platform available (set 'hibernate.transaction.jta.platform' to enable JTA platform integration)
2024-05-24T12:49:24.234+05:00  INFO 11769 --- [testapp2] [main] j.LocalContainerEntityManagerFactoryBean : Initialized JPA EntityManagerFactory for persistence unit 'default'
2024-05-24T12:49:24.399+05:00  WARN 11769 --- [testapp2] [main] JpaBaseConfiguration$JpaWebConfiguration : spring.jpa.open-in-view is enabled by default. Therefore, database queries may be performed during view rendering. Explicitly configure spring.jpa.open-in-view to disable this warning
2024-05-24T12:49:24.666+05:00  INFO 11769 --- [testapp2] [main] o.s.b.w.embedded.tomcat.TomcatWebServer  : Tomcat started on port 8080 (http) with context path ''
2024-05-24T12:49:24.674+05:00  INFO 11769 --- [testapp2] [main] o.example.testapp2.Testapp2Application   : Started Testapp2Application in 3.494 seconds (process running for 4.043)
2024-05-24T12:49:31.058+05:00  INFO 11769 --- [testapp2] [http-nio-8080-exec-1] o.a.c.c.C.[Tomcat].[localhost].[/]       : Initializing Spring DispatcherServlet 'dispatcherServlet'
2024-05-24T12:49:31.058+05:00  INFO 11769 --- [testapp2] [http-nio-8080-exec-1] o.s.web.servlet.DispatcherServlet        : Initializing Servlet 'dispatcherServlet'
2024-05-24T12:49:31.059+05:00  INFO 11769 --- [testapp2] [http-nio-8080-exec-1] o.s.web.servlet.DispatcherServlet        : Completed initialization in 1 ms
2024-05-24T12:50:49.202+05:00  INFO 11769 --- [testapp2] [SpringApplicationShutdownHook] j.LocalContainerEntityManagerFactoryBean : Closing JPA EntityManagerFactory for persistence unit 'default'
2024-05-24T12:50:49.203+05:00  INFO 11769 --- [testapp2] [SpringApplicationShutdownHook] com.zaxxer.hikari.HikariDataSource       : HikariPool-1 - Shutdown initiated...
2024-05-24T12:50:49.213+05:00  INFO 11769 --- [testapp2] [SpringApplicationShutdownHook] com.zaxxer.hikari.HikariDataSource       : HikariPool-1 - Shutdown completed.
2024-05-24T12:51:26.587+05:00  INFO 12468 --- [testapp2] [main] o.example.testapp2.Testapp2Application   : Starting Testapp2Application using Java 17.0.11 with PID 12468 (/home/corazon/IdeaProjects/testapp2/target/classes started by corazon in /home/corazon/IdeaProjects/testapp2)
2024-05-24T12:51:26.590+05:00  INFO 12468 --- [testapp2] [main] o.example.testapp2.Testapp2Application   : No active profile set, falling back to 1 default profile: "default"
2024-05-24T12:51:27.137+05:00  INFO 12468 --- [testapp2] [main] .s.d.r.c.RepositoryConfigurationDelegate : Bootstrapping Spring Data JPA repositories in DEFAULT mode.
2024-05-24T12:51:27.175+05:00  INFO 12468 --- [testapp2] [main] .s.d.r.c.RepositoryConfigurationDelegate : Finished Spring Data repository scanning in 32 ms. Found 1 JPA repository interface.
2024-05-24T12:51:27.538+05:00  INFO 12468 --- [testapp2] [main] o.s.b.w.embedded.tomcat.TomcatWebServer  : Tomcat initialized with port 8080 (http)
2024-05-24T12:51:27.546+05:00  INFO 12468 --- [testapp2] [main] o.apache.catalina.core.StandardService   : Starting service [Tomcat]
2024-05-24T12:51:27.547+05:00  INFO 12468 --- [testapp2] [main] o.apache.catalina.core.StandardEngine    : Starting Servlet engine: [Apache Tomcat/10.1.20]
2024-05-24T12:51:27.580+05:00  INFO 12468 --- [testapp2] [main] o.a.c.c.C.[Tomcat].[localhost].[/]       : Initializing Spring embedded WebApplicationContext
2024-05-24T12:51:27.580+05:00  INFO 12468 --- [testapp2] [main] w.s.c.ServletWebServerApplicationContext : Root WebApplicationContext: initialization completed in 946 ms
2024-05-24T12:51:27.668+05:00  INFO 12468 --- [testapp2] [main] com.zaxxer.hikari.HikariDataSource       : HikariPool-1 - Starting...
2024-05-24T12:51:27.901+05:00  INFO 12468 --- [testapp2] [main] com.zaxxer.hikari.pool.HikariPool        : HikariPool-1 - Added connection org.postgresql.jdbc.PgConnection@3a38f122
2024-05-24T12:51:27.902+05:00  INFO 12468 --- [testapp2] [main] com.zaxxer.hikari.HikariDataSource       : HikariPool-1 - Start completed.
2024-05-24T12:51:27.937+05:00  INFO 12468 --- [testapp2] [main] o.hibernate.jpa.internal.util.LogHelper  : HHH000204: Processing PersistenceUnitInfo [name: default]
2024-05-24T12:51:27.983+05:00  INFO 12468 --- [testapp2] [main] org.hibernate.Version                    : HHH000412: Hibernate ORM core version 6.4.4.Final
2024-05-24T12:51:28.010+05:00  INFO 12468 --- [testapp2] [main] o.h.c.internal.RegionFactoryInitiator    : HHH000026: Second-level cache disabled
2024-05-24T12:51:28.212+05:00  INFO 12468 --- [testapp2] [main] o.s.o.j.p.SpringPersistenceUnitInfo      : No LoadTimeWeaver setup: ignoring JPA class transformer
2024-05-24T12:51:28.250+05:00  WARN 12468 --- [testapp2] [main] org.hibernate.orm.deprecation            : HHH90000025: PostgreSQLDialect does not need to be specified explicitly using 'hibernate.dialect' (remove the property setting and it will be selected by default)
2024-05-24T12:51:28.817+05:00  INFO 12468 --- [testapp2] [main] o.h.e.t.j.p.i.JtaPlatformInitiator       : HHH000489: No JTA platform available (set 'hibernate.transaction.jta.platform' to enable JTA platform integration)
2024-05-24T12:51:28.819+05:00  INFO 12468 --- [testapp2] [main] j.LocalContainerEntityManagerFactoryBean : Initialized JPA EntityManagerFactory for persistence unit 'default'
2024-05-24T12:51:28.995+05:00  WARN 12468 --- [testapp2] [main] JpaBaseConfiguration$JpaWebConfiguration : spring.jpa.open-in-view is enabled by default. Therefore, database queries may be performed during view rendering. Explicitly configure spring.jpa.open-in-view to disable this warning
2024-05-24T12:51:29.306+05:00  INFO 12468 --- [testapp2] [main] o.s.b.w.embedded.tomcat.TomcatWebServer  : Tomcat started on port 8080 (http) with context path ''
2024-05-24T12:51:29.315+05:00  INFO 12468 --- [testapp2] [main] o.example.testapp2.Testapp2Application   : Started Testapp2Application in 3.152 seconds (process running for 3.616)
2024-05-24T12:51:39.148+05:00  INFO 12468 --- [testapp2] [http-nio-8080-exec-2] o.a.c.c.C.[Tomcat].[localhost].[/]       : Initializing Spring DispatcherServlet 'dispatcherServlet'
2024-05-24T12:51:39.149+05:00  INFO 12468 --- [testapp2] [http-nio-8080-exec-2] o.s.web.servlet.DispatcherServlet        : Initializing Servlet 'dispatcherServlet'
2024-05-24T12:51:39.150+05:00  INFO 12468 --- [testapp2] [http-nio-8080-exec-2] o.s.web.servlet.DispatcherServlet        : Completed initialization in 1 ms
2024-05-24T12:51:39.205+05:00  WARN 12468 --- [testapp2] [http-nio-8080-exec-2] .w.s.m.s.DefaultHandlerExceptionResolver : Resolved [org.springframework.web.method.annotation.MethodArgumentTypeMismatchException: Failed to convert value of type 'java.lang.String' to required type 'java.lang.Long'; For input string: "users"]
2024-05-24T12:53:38.851+05:00  INFO 12468 --- [testapp2] [SpringApplicationShutdownHook] j.LocalContainerEntityManagerFactoryBean : Closing JPA EntityManagerFactory for persistence unit 'default'
2024-05-24T12:53:38.853+05:00  INFO 12468 --- [testapp2] [SpringApplicationShutdownHook] com.zaxxer.hikari.HikariDataSource       : HikariPool-1 - Shutdown initiated...
2024-05-24T12:53:38.861+05:00  INFO 12468 --- [testapp2] [SpringApplicationShutdownHook] com.zaxxer.hikari.HikariDataSource       : HikariPool-1 - Shutdown completed.
2024-05-24T12:53:42.147+05:00  INFO 12710 --- [testapp2] [main] o.example.testapp2.Testapp2Application   : Starting Testapp2Application using Java 17.0.11 with PID 12710 (/home/corazon/IdeaProjects/testapp2/target/classes started by corazon in /home/corazon/IdeaProjects/testapp2)
2024-05-24T12:53:42.149+05:00  INFO 12710 --- [testapp2] [main] o.example.testapp2.Testapp2Application   : No active profile set, falling back to 1 default profile: "default"
2024-05-24T12:53:42.825+05:00  INFO 12710 --- [testapp2] [main] .s.d.r.c.RepositoryConfigurationDelegate : Bootstrapping Spring Data JPA repositories in DEFAULT mode.
2024-05-24T12:53:42.865+05:00  INFO 12710 --- [testapp2] [main] .s.d.r.c.RepositoryConfigurationDelegate : Finished Spring Data repository scanning in 34 ms. Found 1 JPA repository interface.
2024-05-24T12:53:43.270+05:00  INFO 12710 --- [testapp2] [main] o.s.b.w.embedded.tomcat.TomcatWebServer  : Tomcat initialized with port 8080 (http)
2024-05-24T12:53:43.279+05:00  INFO 12710 --- [testapp2] [main] o.apache.catalina.core.StandardService   : Starting service [Tomcat]
2024-05-24T12:53:43.279+05:00  INFO 12710 --- [testapp2] [main] o.apache.catalina.core.StandardEngine    : Starting Servlet engine: [Apache Tomcat/10.1.20]
2024-05-24T12:53:43.321+05:00  INFO 12710 --- [testapp2] [main] o.a.c.c.C.[Tomcat].[localhost].[/]       : Initializing Spring embedded WebApplicationContext
2024-05-24T12:53:43.321+05:00  INFO 12710 --- [testapp2] [main] w.s.c.ServletWebServerApplicationContext : Root WebApplicationContext: initialization completed in 1081 ms
2024-05-24T12:53:43.416+05:00  INFO 12710 --- [testapp2] [main] com.zaxxer.hikari.HikariDataSource       : HikariPool-1 - Starting...
2024-05-24T12:53:43.641+05:00  INFO 12710 --- [testapp2] [main] com.zaxxer.hikari.pool.HikariPool        : HikariPool-1 - Added connection org.postgresql.jdbc.PgConnection@47a7c93e
2024-05-24T12:53:43.642+05:00  INFO 12710 --- [testapp2] [main] com.zaxxer.hikari.HikariDataSource       : HikariPool-1 - Start completed.
2024-05-24T12:53:43.672+05:00  INFO 12710 --- [testapp2] [main] o.hibernate.jpa.internal.util.LogHelper  : HHH000204: Processing PersistenceUnitInfo [name: default]
2024-05-24T12:53:43.714+05:00  INFO 12710 --- [testapp2] [main] org.hibernate.Version                    : HHH000412: Hibernate ORM core version 6.4.4.Final
2024-05-24T12:53:43.737+05:00  INFO 12710 --- [testapp2] [main] o.h.c.internal.RegionFactoryInitiator    : HHH000026: Second-level cache disabled
2024-05-24T12:53:43.941+05:00  INFO 12710 --- [testapp2] [main] o.s.o.j.p.SpringPersistenceUnitInfo      : No LoadTimeWeaver setup: ignoring JPA class transformer
2024-05-24T12:53:43.982+05:00  WARN 12710 --- [testapp2] [main] org.hibernate.orm.deprecation            : HHH90000025: PostgreSQLDialect does not need to be specified explicitly using 'hibernate.dialect' (remove the property setting and it will be selected by default)
2024-05-24T12:53:44.553+05:00  INFO 12710 --- [testapp2] [main] o.h.e.t.j.p.i.JtaPlatformInitiator       : HHH000489: No JTA platform available (set 'hibernate.transaction.jta.platform' to enable JTA platform integration)
2024-05-24T12:53:44.556+05:00  INFO 12710 --- [testapp2] [main] j.LocalContainerEntityManagerFactoryBean : Initialized JPA EntityManagerFactory for persistence unit 'default'
2024-05-24T12:53:44.720+05:00  WARN 12710 --- [testapp2] [main] JpaBaseConfiguration$JpaWebConfiguration : spring.jpa.open-in-view is enabled by default. Therefore, database queries may be performed during view rendering. Explicitly configure spring.jpa.open-in-view to disable this warning
2024-05-24T12:53:44.991+05:00  INFO 12710 --- [testapp2] [main] o.s.b.w.embedded.tomcat.TomcatWebServer  : Tomcat started on port 8080 (http) with context path ''
2024-05-24T12:53:45.000+05:00  INFO 12710 --- [testapp2] [main] o.example.testapp2.Testapp2Application   : Started Testapp2Application in 3.377 seconds (process running for 3.903)
2024-05-24T12:53:52.757+05:00  INFO 12710 --- [testapp2] [http-nio-8080-exec-1] o.a.c.c.C.[Tomcat].[localhost].[/]       : Initializing Spring DispatcherServlet 'dispatcherServlet'
2024-05-24T12:53:52.758+05:00  INFO 12710 --- [testapp2] [http-nio-8080-exec-1] o.s.web.servlet.DispatcherServlet        : Initializing Servlet 'dispatcherServlet'
2024-05-24T12:53:52.759+05:00  INFO 12710 --- [testapp2] [http-nio-8080-exec-1] o.s.web.servlet.DispatcherServlet        : Completed initialization in 1 ms
2024-05-24T12:54:17.683+05:00  INFO 12710 --- [testapp2] [SpringApplicationShutdownHook] j.LocalContainerEntityManagerFactoryBean : Closing JPA EntityManagerFactory for persistence unit 'default'
2024-05-24T12:54:17.684+05:00  INFO 12710 --- [testapp2] [SpringApplicationShutdownHook] com.zaxxer.hikari.HikariDataSource       : HikariPool-1 - Shutdown initiated...
2024-05-24T12:54:17.695+05:00  INFO 12710 --- [testapp2] [SpringApplicationShutdownHook] com.zaxxer.hikari.HikariDataSource       : HikariPool-1 - Shutdown completed.
2024-05-24T12:54:20.998+05:00  INFO 12868 --- [testapp2] [main] o.example.testapp2.Testapp2Application   : Starting Testapp2Application using Java 17.0.11 with PID 12868 (/home/corazon/IdeaProjects/testapp2/target/classes started by corazon in /home/corazon/IdeaProjects/testapp2)
2024-05-24T12:54:21.001+05:00  INFO 12868 --- [testapp2] [main] o.example.testapp2.Testapp2Application   : No active profile set, falling back to 1 default profile: "default"
2024-05-24T12:54:21.558+05:00  INFO 12868 --- [testapp2] [main] .s.d.r.c.RepositoryConfigurationDelegate : Bootstrapping Spring Data JPA repositories in DEFAULT mode.
2024-05-24T12:54:21.596+05:00  INFO 12868 --- [testapp2] [main] .s.d.r.c.RepositoryConfigurationDelegate : Finished Spring Data repository scanning in 31 ms. Found 1 JPA repository interface.
2024-05-24T12:54:22.063+05:00  INFO 12868 --- [testapp2] [main] o.s.b.w.embedded.tomcat.TomcatWebServer  : Tomcat initialized with port 8080 (http)
2024-05-24T12:54:22.072+05:00  INFO 12868 --- [testapp2] [main] o.apache.catalina.core.StandardService   : Starting service [Tomcat]
2024-05-24T12:54:22.072+05:00  INFO 12868 --- [testapp2] [main] o.apache.catalina.core.StandardEngine    : Starting Servlet engine: [Apache Tomcat/10.1.20]
2024-05-24T12:54:22.109+05:00  INFO 12868 --- [testapp2] [main] o.a.c.c.C.[Tomcat].[localhost].[/]       : Initializing Spring embedded WebApplicationContext
2024-05-24T12:54:22.109+05:00  INFO 12868 --- [testapp2] [main] w.s.c.ServletWebServerApplicationContext : Root WebApplicationContext: initialization completed in 1058 ms
2024-05-24T12:54:22.216+05:00  INFO 12868 --- [testapp2] [main] com.zaxxer.hikari.HikariDataSource       : HikariPool-1 - Starting...
2024-05-24T12:54:22.452+05:00  INFO 12868 --- [testapp2] [main] com.zaxxer.hikari.pool.HikariPool        : HikariPool-1 - Added connection org.postgresql.jdbc.PgConnection@69364b2d
2024-05-24T12:54:22.454+05:00  INFO 12868 --- [testapp2] [main] com.zaxxer.hikari.HikariDataSource       : HikariPool-1 - Start completed.
2024-05-24T12:54:22.488+05:00  INFO 12868 --- [testapp2] [main] o.hibernate.jpa.internal.util.LogHelper  : HHH000204: Processing PersistenceUnitInfo [name: default]
2024-05-24T12:54:22.535+05:00  INFO 12868 --- [testapp2] [main] org.hibernate.Version                    : HHH000412: Hibernate ORM core version 6.4.4.Final
2024-05-24T12:54:22.569+05:00  INFO 12868 --- [testapp2] [main] o.h.c.internal.RegionFactoryInitiator    : HHH000026: Second-level cache disabled
2024-05-24T12:54:22.806+05:00  INFO 12868 --- [testapp2] [main] o.s.o.j.p.SpringPersistenceUnitInfo      : No LoadTimeWeaver setup: ignoring JPA class transformer
2024-05-24T12:54:22.849+05:00  WARN 12868 --- [testapp2] [main] org.hibernate.orm.deprecation            : HHH90000025: PostgreSQLDialect does not need to be specified explicitly using 'hibernate.dialect' (remove the property setting and it will be selected by default)
2024-05-24T12:54:23.476+05:00  INFO 12868 --- [testapp2] [main] o.h.e.t.j.p.i.JtaPlatformInitiator       : HHH000489: No JTA platform available (set 'hibernate.transaction.jta.platform' to enable JTA platform integration)
2024-05-24T12:54:23.479+05:00  INFO 12868 --- [testapp2] [main] j.LocalContainerEntityManagerFactoryBean : Initialized JPA EntityManagerFactory for persistence unit 'default'
2024-05-24T12:54:23.655+05:00  WARN 12868 --- [testapp2] [main] JpaBaseConfiguration$JpaWebConfiguration : spring.jpa.open-in-view is enabled by default. Therefore, database queries may be performed during view rendering. Explicitly configure spring.jpa.open-in-view to disable this warning
2024-05-24T12:54:23.925+05:00  INFO 12868 --- [testapp2] [main] o.s.b.w.embedded.tomcat.TomcatWebServer  : Tomcat started on port 8080 (http) with context path ''
2024-05-24T12:54:23.934+05:00  INFO 12868 --- [testapp2] [main] o.example.testapp2.Testapp2Application   : Started Testapp2Application in 3.381 seconds (process running for 3.854)
2024-05-24T12:54:31.305+05:00  INFO 12868 --- [testapp2] [http-nio-8080-exec-1] o.a.c.c.C.[Tomcat].[localhost].[/]       : Initializing Spring DispatcherServlet 'dispatcherServlet'
2024-05-24T12:54:31.306+05:00  INFO 12868 --- [testapp2] [http-nio-8080-exec-1] o.s.web.servlet.DispatcherServlet        : Initializing Servlet 'dispatcherServlet'
2024-05-24T12:54:31.307+05:00  INFO 12868 --- [testapp2] [http-nio-8080-exec-1] o.s.web.servlet.DispatcherServlet        : Completed initialization in 1 ms
2024-05-24T12:55:02.815+05:00  INFO 12868 --- [testapp2] [SpringApplicationShutdownHook] j.LocalContainerEntityManagerFactoryBean : Closing JPA EntityManagerFactory for persistence unit 'default'
2024-05-24T12:55:02.817+05:00  INFO 12868 --- [testapp2] [SpringApplicationShutdownHook] com.zaxxer.hikari.HikariDataSource       : HikariPool-1 - Shutdown initiated...
2024-05-24T12:55:02.825+05:00  INFO 12868 --- [testapp2] [SpringApplicationShutdownHook] com.zaxxer.hikari.HikariDataSource       : HikariPool-1 - Shutdown completed.
2024-05-24T12:55:06.154+05:00  INFO 13065 --- [testapp2] [main] o.example.testapp2.Testapp2Application   : Starting Testapp2Application using Java 17.0.11 with PID 13065 (/home/corazon/IdeaProjects/testapp2/target/classes started by corazon in /home/corazon/IdeaProjects/testapp2)
2024-05-24T12:55:06.157+05:00  INFO 13065 --- [testapp2] [main] o.example.testapp2.Testapp2Application   : No active profile set, falling back to 1 default profile: "default"
2024-05-24T12:55:06.727+05:00  INFO 13065 --- [testapp2] [main] .s.d.r.c.RepositoryConfigurationDelegate : Bootstrapping Spring Data JPA repositories in DEFAULT mode.
2024-05-24T12:55:06.766+05:00  INFO 13065 --- [testapp2] [main] .s.d.r.c.RepositoryConfigurationDelegate : Finished Spring Data repository scanning in 33 ms. Found 1 JPA repository interface.
2024-05-24T12:55:07.140+05:00  INFO 13065 --- [testapp2] [main] o.s.b.w.embedded.tomcat.TomcatWebServer  : Tomcat initialized with port 8080 (http)
2024-05-24T12:55:07.150+05:00  INFO 13065 --- [testapp2] [main] o.apache.catalina.core.StandardService   : Starting service [Tomcat]
2024-05-24T12:55:07.150+05:00  INFO 13065 --- [testapp2] [main] o.apache.catalina.core.StandardEngine    : Starting Servlet engine: [Apache Tomcat/10.1.20]
2024-05-24T12:55:07.190+05:00  INFO 13065 --- [testapp2] [main] o.a.c.c.C.[Tomcat].[localhost].[/]       : Initializing Spring embedded WebApplicationContext
2024-05-24T12:55:07.191+05:00  INFO 13065 --- [testapp2] [main] w.s.c.ServletWebServerApplicationContext : Root WebApplicationContext: initialization completed in 983 ms
2024-05-24T12:55:07.281+05:00  INFO 13065 --- [testapp2] [main] com.zaxxer.hikari.HikariDataSource       : HikariPool-1 - Starting...
2024-05-24T12:55:07.505+05:00  INFO 13065 --- [testapp2] [main] com.zaxxer.hikari.pool.HikariPool        : HikariPool-1 - Added connection org.postgresql.jdbc.PgConnection@4792f119
2024-05-24T12:55:07.506+05:00  INFO 13065 --- [testapp2] [main] com.zaxxer.hikari.HikariDataSource       : HikariPool-1 - Start completed.
2024-05-24T12:55:07.536+05:00  INFO 13065 --- [testapp2] [main] o.hibernate.jpa.internal.util.LogHelper  : HHH000204: Processing PersistenceUnitInfo [name: default]
2024-05-24T12:55:07.581+05:00  INFO 13065 --- [testapp2] [main] org.hibernate.Version                    : HHH000412: Hibernate ORM core version 6.4.4.Final
2024-05-24T12:55:07.605+05:00  INFO 13065 --- [testapp2] [main] o.h.c.internal.RegionFactoryInitiator    : HHH000026: Second-level cache disabled
2024-05-24T12:55:07.814+05:00  INFO 13065 --- [testapp2] [main] o.s.o.j.p.SpringPersistenceUnitInfo      : No LoadTimeWeaver setup: ignoring JPA class transformer
2024-05-24T12:55:07.856+05:00  WARN 13065 --- [testapp2] [main] org.hibernate.orm.deprecation            : HHH90000025: PostgreSQLDialect does not need to be specified explicitly using 'hibernate.dialect' (remove the property setting and it will be selected by default)
2024-05-24T12:55:08.427+05:00  INFO 13065 --- [testapp2] [main] o.h.e.t.j.p.i.JtaPlatformInitiator       : HHH000489: No JTA platform available (set 'hibernate.transaction.jta.platform' to enable JTA platform integration)
2024-05-24T12:55:08.429+05:00  INFO 13065 --- [testapp2] [main] j.LocalContainerEntityManagerFactoryBean : Initialized JPA EntityManagerFactory for persistence unit 'default'
2024-05-24T12:55:08.622+05:00  WARN 13065 --- [testapp2] [main] JpaBaseConfiguration$JpaWebConfiguration : spring.jpa.open-in-view is enabled by default. Therefore, database queries may be performed during view rendering. Explicitly configure spring.jpa.open-in-view to disable this warning
2024-05-24T12:55:08.897+05:00  INFO 13065 --- [testapp2] [main] o.s.b.w.embedded.tomcat.TomcatWebServer  : Tomcat started on port 8080 (http) with context path ''
2024-05-24T12:55:08.905+05:00  INFO 13065 --- [testapp2] [main] o.example.testapp2.Testapp2Application   : Started Testapp2Application in 3.166 seconds (process running for 3.651)
2024-05-24T12:55:16.715+05:00  INFO 13065 --- [testapp2] [http-nio-8080-exec-1] o.a.c.c.C.[Tomcat].[localhost].[/]       : Initializing Spring DispatcherServlet 'dispatcherServlet'
2024-05-24T12:55:16.716+05:00  INFO 13065 --- [testapp2] [http-nio-8080-exec-1] o.s.web.servlet.DispatcherServlet        : Initializing Servlet 'dispatcherServlet'
2024-05-24T12:55:16.718+05:00  INFO 13065 --- [testapp2] [http-nio-8080-exec-1] o.s.web.servlet.DispatcherServlet        : Completed initialization in 2 ms
2024-05-24T13:15:42.158+05:00  INFO 13065 --- [testapp2] [SpringApplicationShutdownHook] j.LocalContainerEntityManagerFactoryBean : Closing JPA EntityManagerFactory for persistence unit 'default'
2024-05-24T13:15:42.160+05:00  INFO 13065 --- [testapp2] [SpringApplicationShutdownHook] com.zaxxer.hikari.HikariDataSource       : HikariPool-1 - Shutdown initiated...
2024-05-24T13:15:42.168+05:00  INFO 13065 --- [testapp2] [SpringApplicationShutdownHook] com.zaxxer.hikari.HikariDataSource       : HikariPool-1 - Shutdown completed.
2024-05-24T13:43:08.884+05:00  INFO 16236 --- [testapp2] [main] o.example.testapp2.Testapp2Application   : Starting Testapp2Application using Java 17.0.11 with PID 16236 (/home/corazon/IdeaProjects/testapp2/target/classes started by corazon in /home/corazon/IdeaProjects/testapp2)
2024-05-24T13:43:08.887+05:00  INFO 16236 --- [testapp2] [main] o.example.testapp2.Testapp2Application   : No active profile set, falling back to 1 default profile: "default"
2024-05-24T13:43:09.420+05:00  INFO 16236 --- [testapp2] [main] .s.d.r.c.RepositoryConfigurationDelegate : Bootstrapping Spring Data JPA repositories in DEFAULT mode.
2024-05-24T13:43:09.479+05:00  INFO 16236 --- [testapp2] [main] .s.d.r.c.RepositoryConfigurationDelegate : Finished Spring Data repository scanning in 52 ms. Found 9 JPA repository interfaces.
2024-05-24T13:43:09.862+05:00  INFO 16236 --- [testapp2] [main] o.s.b.w.embedded.tomcat.TomcatWebServer  : Tomcat initialized with port 8080 (http)
2024-05-24T13:43:09.871+05:00  INFO 16236 --- [testapp2] [main] o.apache.catalina.core.StandardService   : Starting service [Tomcat]
2024-05-24T13:43:09.872+05:00  INFO 16236 --- [testapp2] [main] o.apache.catalina.core.StandardEngine    : Starting Servlet engine: [Apache Tomcat/10.1.20]
2024-05-24T13:43:09.912+05:00  INFO 16236 --- [testapp2] [main] o.a.c.c.C.[Tomcat].[localhost].[/]       : Initializing Spring embedded WebApplicationContext
2024-05-24T13:43:09.913+05:00  INFO 16236 --- [testapp2] [main] w.s.c.ServletWebServerApplicationContext : Root WebApplicationContext: initialization completed in 974 ms
2024-05-24T13:43:10.018+05:00  INFO 16236 --- [testapp2] [main] com.zaxxer.hikari.HikariDataSource       : HikariPool-1 - Starting...
2024-05-24T13:43:10.231+05:00  INFO 16236 --- [testapp2] [main] com.zaxxer.hikari.pool.HikariPool        : HikariPool-1 - Added connection org.postgresql.jdbc.PgConnection@bd3eff4
2024-05-24T13:43:10.233+05:00  INFO 16236 --- [testapp2] [main] com.zaxxer.hikari.HikariDataSource       : HikariPool-1 - Start completed.
2024-05-24T13:43:10.264+05:00  INFO 16236 --- [testapp2] [main] o.hibernate.jpa.internal.util.LogHelper  : HHH000204: Processing PersistenceUnitInfo [name: default]
2024-05-24T13:43:10.306+05:00  INFO 16236 --- [testapp2] [main] org.hibernate.Version                    : HHH000412: Hibernate ORM core version 6.4.4.Final
2024-05-24T13:43:10.329+05:00  INFO 16236 --- [testapp2] [main] o.h.c.internal.RegionFactoryInitiator    : HHH000026: Second-level cache disabled
2024-05-24T13:43:10.519+05:00  INFO 16236 --- [testapp2] [main] o.s.o.j.p.SpringPersistenceUnitInfo      : No LoadTimeWeaver setup: ignoring JPA class transformer
2024-05-24T13:43:10.558+05:00  WARN 16236 --- [testapp2] [main] org.hibernate.orm.deprecation            : HHH90000025: PostgreSQLDialect does not need to be specified explicitly using 'hibernate.dialect' (remove the property setting and it will be selected by default)
2024-05-24T13:43:11.247+05:00  INFO 16236 --- [testapp2] [main] o.h.e.t.j.p.i.JtaPlatformInitiator       : HHH000489: No JTA platform available (set 'hibernate.transaction.jta.platform' to enable JTA platform integration)
2024-05-24T13:43:11.249+05:00  INFO 16236 --- [testapp2] [main] j.LocalContainerEntityManagerFactoryBean : Initialized JPA EntityManagerFactory for persistence unit 'default'
2024-05-24T13:43:11.417+05:00  WARN 16236 --- [testapp2] [main] JpaBaseConfiguration$JpaWebConfiguration : spring.jpa.open-in-view is enabled by default. Therefore, database queries may be performed during view rendering. Explicitly configure spring.jpa.open-in-view to disable this warning
2024-05-24T13:43:11.679+05:00  WARN 16236 --- [testapp2] [main] ConfigServletWebServerApplicationContext : Exception encountered during context initialization - cancelling refresh attempt: org.springframework.beans.factory.BeanCreationException: Error creating bean with name 'savedPostsRepository' defined in org.example.testapp2.repositories.repositories_for_profile.SavedPostsRepository defined in @EnableJpaRepositories declared on JpaRepositoriesRegistrar.EnableJpaRepositoriesConfiguration: Not a managed type: class java.lang.Long
2024-05-24T13:43:11.680+05:00  INFO 16236 --- [testapp2] [main] j.LocalContainerEntityManagerFactoryBean : Closing JPA EntityManagerFactory for persistence unit 'default'
2024-05-24T13:43:11.681+05:00  INFO 16236 --- [testapp2] [main] com.zaxxer.hikari.HikariDataSource       : HikariPool-1 - Shutdown initiated...
2024-05-24T13:43:11.690+05:00  INFO 16236 --- [testapp2] [main] com.zaxxer.hikari.HikariDataSource       : HikariPool-1 - Shutdown completed.
2024-05-24T13:43:11.692+05:00  INFO 16236 --- [testapp2] [main] o.apache.catalina.core.StandardService   : Stopping service [Tomcat]
2024-05-24T13:43:11.702+05:00  INFO 16236 --- [testapp2] [main] .s.b.a.l.ConditionEvaluationReportLogger : 

Error starting ApplicationContext. To display the condition evaluation report re-run your application with 'debug' enabled.
2024-05-24T13:43:11.720+05:00 ERROR 16236 --- [testapp2] [main] o.s.boot.SpringApplication               : Application run failed

org.springframework.beans.factory.BeanCreationException: Error creating bean with name 'savedPostsRepository' defined in org.example.testapp2.repositories.repositories_for_profile.SavedPostsRepository defined in @EnableJpaRepositories declared on JpaRepositoriesRegistrar.EnableJpaRepositoriesConfiguration: Not a managed type: class java.lang.Long
	at org.springframework.beans.factory.support.AbstractAutowireCapableBeanFactory.initializeBean(AbstractAutowireCapableBeanFactory.java:1786) ~[spring-beans-6.1.6.jar:6.1.6]
	at org.springframework.beans.factory.support.AbstractAutowireCapableBeanFactory.doCreateBean(AbstractAutowireCapableBeanFactory.java:600) ~[spring-beans-6.1.6.jar:6.1.6]
	at org.springframework.beans.factory.support.AbstractAutowireCapableBeanFactory.createBean(AbstractAutowireCapableBeanFactory.java:522) ~[spring-beans-6.1.6.jar:6.1.6]
	at org.springframework.beans.factory.support.AbstractBeanFactory.lambda$doGetBean$0(AbstractBeanFactory.java:326) ~[spring-beans-6.1.6.jar:6.1.6]
	at org.springframework.beans.factory.support.DefaultSingletonBeanRegistry.getSingleton(DefaultSingletonBeanRegistry.java:234) ~[spring-beans-6.1.6.jar:6.1.6]
	at org.springframework.beans.factory.support.AbstractBeanFactory.doGetBean(AbstractBeanFactory.java:324) ~[spring-beans-6.1.6.jar:6.1.6]
	at org.springframework.beans.factory.support.AbstractBeanFactory.getBean(AbstractBeanFactory.java:200) ~[spring-beans-6.1.6.jar:6.1.6]
	at org.springframework.beans.factory.support.DefaultListableBeanFactory.preInstantiateSingletons(DefaultListableBeanFactory.java:969) ~[spring-beans-6.1.6.jar:6.1.6]
	at org.springframework.context.support.AbstractApplicationContext.finishBeanFactoryInitialization(AbstractApplicationContext.java:962) ~[spring-context-6.1.6.jar:6.1.6]
	at org.springframework.context.support.AbstractApplicationContext.refresh(AbstractApplicationContext.java:624) ~[spring-context-6.1.6.jar:6.1.6]
	at org.springframework.boot.web.servlet.context.ServletWebServerApplicationContext.refresh(ServletWebServerApplicationContext.java:146) ~[spring-boot-3.2.5.jar:3.2.5]
	at org.springframework.boot.SpringApplication.refresh(SpringApplication.java:754) ~[spring-boot-3.2.5.jar:3.2.5]
	at org.springframework.boot.SpringApplication.refreshContext(SpringApplication.java:456) ~[spring-boot-3.2.5.jar:3.2.5]
	at org.springframework.boot.SpringApplication.run(SpringApplication.java:334) ~[spring-boot-3.2.5.jar:3.2.5]
	at org.springframework.boot.SpringApplication.run(SpringApplication.java:1354) ~[spring-boot-3.2.5.jar:3.2.5]
	at org.springframework.boot.SpringApplication.run(SpringApplication.java:1343) ~[spring-boot-3.2.5.jar:3.2.5]
	at org.example.testapp2.Testapp2Application.main(Testapp2Application.java:10) ~[classes/:na]
Caused by: java.lang.IllegalArgumentException: Not a managed type: class java.lang.Long
	at org.hibernate.metamodel.model.domain.internal.JpaMetamodelImpl.managedType(JpaMetamodelImpl.java:193) ~[hibernate-core-6.4.4.Final.jar:6.4.4.Final]
	at org.hibernate.metamodel.model.domain.internal.MappingMetamodelImpl.managedType(MappingMetamodelImpl.java:468) ~[hibernate-core-6.4.4.Final.jar:6.4.4.Final]
	at org.hibernate.metamodel.model.domain.internal.MappingMetamodelImpl.managedType(MappingMetamodelImpl.java:98) ~[hibernate-core-6.4.4.Final.jar:6.4.4.Final]
	at org.springframework.data.jpa.repository.support.JpaMetamodelEntityInformation.<init>(JpaMetamodelEntityInformation.java:82) ~[spring-data-jpa-3.2.5.jar:3.2.5]
	at org.springframework.data.jpa.repository.support.JpaEntityInformationSupport.getEntityInformation(JpaEntityInformationSupport.java:69) ~[spring-data-jpa-3.2.5.jar:3.2.5]
	at org.springframework.data.jpa.repository.support.JpaRepositoryFactory.getEntityInformation(JpaRepositoryFactory.java:246) ~[spring-data-jpa-3.2.5.jar:3.2.5]
	at org.springframework.data.jpa.repository.support.JpaRepositoryFactory.getTargetRepository(JpaRepositoryFactory.java:211) ~[spring-data-jpa-3.2.5.jar:3.2.5]
	at org.springframework.data.jpa.repository.support.JpaRepositoryFactory.getTargetRepository(JpaRepositoryFactory.java:194) ~[spring-data-jpa-3.2.5.jar:3.2.5]
	at org.springframework.data.jpa.repository.support.JpaRepositoryFactory.getTargetRepository(JpaRepositoryFactory.java:1) ~[spring-data-jpa-3.2.5.jar:3.2.5]
	at org.springframework.data.repository.core.support.RepositoryFactorySupport.getRepository(RepositoryFactorySupport.java:317) ~[spring-data-commons-3.2.5.jar:3.2.5]
	at org.springframework.data.repository.core.support.RepositoryFactoryBeanSupport.lambda$afterPropertiesSet$5(RepositoryFactoryBeanSupport.java:279) ~[spring-data-commons-3.2.5.jar:3.2.5]
	at org.springframework.data.util.Lazy.getNullable(Lazy.java:135) ~[spring-data-commons-3.2.5.jar:3.2.5]
	at org.springframework.data.util.Lazy.get(Lazy.java:113) ~[spring-data-commons-3.2.5.jar:3.2.5]
	at org.springframework.data.repository.core.support.RepositoryFactoryBeanSupport.afterPropertiesSet(RepositoryFactoryBeanSupport.java:285) ~[spring-data-commons-3.2.5.jar:3.2.5]
	at org.springframework.data.jpa.repository.support.JpaRepositoryFactoryBean.afterPropertiesSet(JpaRepositoryFactoryBean.java:132) ~[spring-data-jpa-3.2.5.jar:3.2.5]
	at org.springframework.beans.factory.support.AbstractAutowireCapableBeanFactory.invokeInitMethods(AbstractAutowireCapableBeanFactory.java:1833) ~[spring-beans-6.1.6.jar:6.1.6]
	at org.springframework.beans.factory.support.AbstractAutowireCapableBeanFactory.initializeBean(AbstractAutowireCapableBeanFactory.java:1782) ~[spring-beans-6.1.6.jar:6.1.6]
	... 16 common frames omitted

2024-05-24T13:44:52.359+05:00  INFO 16389 --- [testapp2] [main] o.example.testapp2.Testapp2Application   : Starting Testapp2Application using Java 17.0.11 with PID 16389 (/home/corazon/IdeaProjects/testapp2/target/classes started by corazon in /home/corazon/IdeaProjects/testapp2)
2024-05-24T13:44:52.361+05:00  INFO 16389 --- [testapp2] [main] o.example.testapp2.Testapp2Application   : No active profile set, falling back to 1 default profile: "default"
2024-05-24T13:44:52.893+05:00  INFO 16389 --- [testapp2] [main] .s.d.r.c.RepositoryConfigurationDelegate : Bootstrapping Spring Data JPA repositories in DEFAULT mode.
2024-05-24T13:44:52.948+05:00  INFO 16389 --- [testapp2] [main] .s.d.r.c.RepositoryConfigurationDelegate : Finished Spring Data repository scanning in 49 ms. Found 9 JPA repository interfaces.
2024-05-24T13:44:53.327+05:00  INFO 16389 --- [testapp2] [main] o.s.b.w.embedded.tomcat.TomcatWebServer  : Tomcat initialized with port 8080 (http)
2024-05-24T13:44:53.338+05:00  INFO 16389 --- [testapp2] [main] o.apache.catalina.core.StandardService   : Starting service [Tomcat]
2024-05-24T13:44:53.338+05:00  INFO 16389 --- [testapp2] [main] o.apache.catalina.core.StandardEngine    : Starting Servlet engine: [Apache Tomcat/10.1.20]
2024-05-24T13:44:53.374+05:00  INFO 16389 --- [testapp2] [main] o.a.c.c.C.[Tomcat].[localhost].[/]       : Initializing Spring embedded WebApplicationContext
2024-05-24T13:44:53.374+05:00  INFO 16389 --- [testapp2] [main] w.s.c.ServletWebServerApplicationContext : Root WebApplicationContext: initialization completed in 972 ms
2024-05-24T13:44:53.466+05:00  INFO 16389 --- [testapp2] [main] com.zaxxer.hikari.HikariDataSource       : HikariPool-1 - Starting...
2024-05-24T13:44:53.700+05:00  INFO 16389 --- [testapp2] [main] com.zaxxer.hikari.pool.HikariPool        : HikariPool-1 - Added connection org.postgresql.jdbc.PgConnection@14d25b6e
2024-05-24T13:44:53.701+05:00  INFO 16389 --- [testapp2] [main] com.zaxxer.hikari.HikariDataSource       : HikariPool-1 - Start completed.
2024-05-24T13:44:53.729+05:00  INFO 16389 --- [testapp2] [main] o.hibernate.jpa.internal.util.LogHelper  : HHH000204: Processing PersistenceUnitInfo [name: default]
2024-05-24T13:44:53.773+05:00  INFO 16389 --- [testapp2] [main] org.hibernate.Version                    : HHH000412: Hibernate ORM core version 6.4.4.Final
2024-05-24T13:44:53.794+05:00  INFO 16389 --- [testapp2] [main] o.h.c.internal.RegionFactoryInitiator    : HHH000026: Second-level cache disabled
2024-05-24T13:44:53.981+05:00  INFO 16389 --- [testapp2] [main] o.s.o.j.p.SpringPersistenceUnitInfo      : No LoadTimeWeaver setup: ignoring JPA class transformer
2024-05-24T13:44:54.026+05:00  WARN 16389 --- [testapp2] [main] org.hibernate.orm.deprecation            : HHH90000025: PostgreSQLDialect does not need to be specified explicitly using 'hibernate.dialect' (remove the property setting and it will be selected by default)
2024-05-24T13:44:54.709+05:00  INFO 16389 --- [testapp2] [main] o.h.e.t.j.p.i.JtaPlatformInitiator       : HHH000489: No JTA platform available (set 'hibernate.transaction.jta.platform' to enable JTA platform integration)
2024-05-24T13:44:54.712+05:00  INFO 16389 --- [testapp2] [main] j.LocalContainerEntityManagerFactoryBean : Initialized JPA EntityManagerFactory for persistence unit 'default'
2024-05-24T13:44:54.883+05:00  WARN 16389 --- [testapp2] [main] JpaBaseConfiguration$JpaWebConfiguration : spring.jpa.open-in-view is enabled by default. Therefore, database queries may be performed during view rendering. Explicitly configure spring.jpa.open-in-view to disable this warning
2024-05-24T13:44:55.228+05:00  INFO 16389 --- [testapp2] [main] o.s.b.w.embedded.tomcat.TomcatWebServer  : Tomcat started on port 8080 (http) with context path ''
2024-05-24T13:44:55.237+05:00  INFO 16389 --- [testapp2] [main] o.example.testapp2.Testapp2Application   : Started Testapp2Application in 3.279 seconds (process running for 3.752)
2024-05-24T13:45:01.756+05:00  INFO 16389 --- [testapp2] [http-nio-8080-exec-2] o.a.c.c.C.[Tomcat].[localhost].[/]       : Initializing Spring DispatcherServlet 'dispatcherServlet'
2024-05-24T13:45:01.756+05:00  INFO 16389 --- [testapp2] [http-nio-8080-exec-2] o.s.web.servlet.DispatcherServlet        : Initializing Servlet 'dispatcherServlet'
2024-05-24T13:45:01.757+05:00  INFO 16389 --- [testapp2] [http-nio-8080-exec-2] o.s.web.servlet.DispatcherServlet        : Completed initialization in 1 ms
